build/app/intermediates/manifest_merge_blame_file/release/manifest-merger-blame-release-report.txt
1<?xml version="1.0" encoding="utf-8"?>
2<manifest xmlns:android="http://schemas.android.com/apk/res/android"
3    package="com.icab.appmotorista"
4    android:versionCode="1"
5    android:versionName="1.0" >
6
7    <uses-sdk
8        android:minSdkVersion="21"
8-->src\main\AndroidManifest.xml
9        android:targetSdkVersion="34" />
9-->src\main\AndroidManifest.xml
10
11    <uses-permission android:name="android.permission.INTERNET" />
11-->src\main\AndroidManifest.xml:5:5-67
11-->src\main\AndroidManifest.xml:5:22-64
12    <uses-permission android:name="android.permission.ACCESS_NETWORK_STATE" />
12-->src\main\AndroidManifest.xml:6:5-78
12-->src\main\AndroidManifest.xml:6:22-76
13    <uses-permission android:name="android.permission.ACCESS_FINE_LOCATION" />
13-->src\main\AndroidManifest.xml:7:5-79
13-->src\main\AndroidManifest.xml:7:22-76
14    <uses-permission android:name="android.permission.ACCESS_COARSE_LOCATION" />
14-->src\main\AndroidManifest.xml:8:5-81
14-->src\main\AndroidManifest.xml:8:22-78
15    <uses-permission
15-->[:file_picker] AndroidManifest.xml:9:5-11:38
16        android:name="android.permission.READ_EXTERNAL_STORAGE"
16-->[:file_picker] AndroidManifest.xml:10:9-64
17        android:maxSdkVersion="32" />
17-->[:file_picker] AndroidManifest.xml:11:9-35
18
19    <queries>
19-->[:file_picker] AndroidManifest.xml:13:5-19:15
20        <intent>
20-->[:file_picker] AndroidManifest.xml:14:9-18:18
21            <action android:name="android.intent.action.GET_CONTENT" />
21-->[:file_picker] AndroidManifest.xml:15:13-72
21-->[:file_picker] AndroidManifest.xml:15:21-69
22
23            <data android:mimeType="*/*" />
24        </intent>
25        <intent>
25-->[:flutter_inappwebview] AndroidManifest.xml:10:9-12:18
26            <action android:name="android.support.customtabs.action.CustomTabsService" />
26-->[:flutter_inappwebview] AndroidManifest.xml:11:13-90
26-->[:flutter_inappwebview] AndroidManifest.xml:11:21-87
27        </intent>
28
29        <package android:name="com.google.android.apps.maps" />
29-->[:map_launcher] AndroidManifest.xml:10:9-64
29-->[:map_launcher] AndroidManifest.xml:10:18-61
30        <package android:name="com.google.android.apps.mapslite" />
30-->[:map_launcher] AndroidManifest.xml:11:9-68
30-->[:map_launcher] AndroidManifest.xml:11:18-65
31        <package android:name="com.autonavi.minimap" />
31-->[:map_launcher] AndroidManifest.xml:12:9-56
31-->[:map_launcher] AndroidManifest.xml:12:18-53
32        <package android:name="com.baidu.BaiduMap" />
32-->[:map_launcher] AndroidManifest.xml:13:9-54
32-->[:map_launcher] AndroidManifest.xml:13:18-51
33        <package android:name="com.waze" />
33-->[:map_launcher] AndroidManifest.xml:14:9-44
33-->[:map_launcher] AndroidManifest.xml:14:18-41
34        <package android:name="ru.yandex.yandexnavi" />
34-->[:map_launcher] AndroidManifest.xml:15:9-56
34-->[:map_launcher] AndroidManifest.xml:15:18-53
35        <package android:name="ru.yandex.yandexmaps" />
35-->[:map_launcher] AndroidManifest.xml:16:9-56
35-->[:map_launcher] AndroidManifest.xml:16:18-53
36        <package android:name="com.citymapper.app.release" />
36-->[:map_launcher] AndroidManifest.xml:17:9-62
36-->[:map_launcher] AndroidManifest.xml:17:18-59
37        <package android:name="com.mapswithme.maps.pro" />
37-->[:map_launcher] AndroidManifest.xml:18:9-59
37-->[:map_launcher] AndroidManifest.xml:18:18-56
38        <package android:name="net.osmand" />
38-->[:map_launcher] AndroidManifest.xml:19:9-46
38-->[:map_launcher] AndroidManifest.xml:19:18-43
39        <package android:name="net.osmand.plus" />
39-->[:map_launcher] AndroidManifest.xml:20:9-51
39-->[:map_launcher] AndroidManifest.xml:20:18-48
40        <package android:name="ru.dublgis.dgismobile" />
40-->[:map_launcher] AndroidManifest.xml:21:9-57
40-->[:map_launcher] AndroidManifest.xml:21:18-54
41        <package android:name="com.tencent.map" />
41-->[:map_launcher] AndroidManifest.xml:22:9-51
41-->[:map_launcher] AndroidManifest.xml:22:18-48
42        <package android:name="com.here.app.maps" />
42-->[:map_launcher] AndroidManifest.xml:23:9-53
42-->[:map_launcher] AndroidManifest.xml:23:18-50
43        <package android:name="com.huawei.maps.app" />
43-->[:map_launcher] AndroidManifest.xml:24:9-55
43-->[:map_launcher] AndroidManifest.xml:24:18-52
44        <package android:name="com.alk.copilot.mapviewer" />
44-->[:map_launcher] AndroidManifest.xml:25:9-61
44-->[:map_launcher] AndroidManifest.xml:25:18-58
45        <package android:name="com.tomtom.gplay.navapp" />
45-->[:map_launcher] AndroidManifest.xml:26:9-59
45-->[:map_launcher] AndroidManifest.xml:26:18-56
46        <package android:name="com.tomtom.gplay.navapp.gofleet" />
46-->[:map_launcher] AndroidManifest.xml:27:9-67
46-->[:map_launcher] AndroidManifest.xml:27:18-64
47        <package android:name="com.sygic.truck" />
47-->[:map_launcher] AndroidManifest.xml:28:9-51
47-->[:map_launcher] AndroidManifest.xml:28:18-48
48        <package android:name="nl.flitsmeister" />
48-->[:map_launcher] AndroidManifest.xml:29:9-51
48-->[:map_launcher] AndroidManifest.xml:29:18-48
49        <package android:name="nl.flitsmeister.flux" />
49-->[:map_launcher] AndroidManifest.xml:30:9-56
49-->[:map_launcher] AndroidManifest.xml:30:18-53
50        <package android:name="com.nhn.android.nmap" />
50-->[:map_launcher] AndroidManifest.xml:31:9-56
50-->[:map_launcher] AndroidManifest.xml:31:18-53
51        <package android:name="net.daum.android.map" />
51-->[:map_launcher] AndroidManifest.xml:32:9-56
51-->[:map_launcher] AndroidManifest.xml:32:18-53
52        <package android:name="com.skt.tmap.ku" />
52-->[:map_launcher] AndroidManifest.xml:33:9-51
52-->[:map_launcher] AndroidManifest.xml:33:18-48
53        <package android:name="cz.seznam.mapy" />
53-->[:map_launcher] AndroidManifest.xml:34:9-50
53-->[:map_launcher] AndroidManifest.xml:34:18-47
54
55        <intent>
55-->[com.razorpay:checkout:1.6.39] AndroidManifest.xml:11:9-17:18
56            <action android:name="android.intent.action.VIEW" />
56-->src\main\AndroidManifest.xml:48:16-68
56-->src\main\AndroidManifest.xml:48:24-65
57
58            <data
59                android:mimeType="*/*"
60                android:scheme="*" />
60-->src\main\AndroidManifest.xml:53:22-65
61        </intent>
62        <intent>
62-->[com.razorpay:checkout:1.6.39] AndroidManifest.xml:18:9-27:18
63            <action android:name="android.intent.action.VIEW" />
63-->src\main\AndroidManifest.xml:48:16-68
63-->src\main\AndroidManifest.xml:48:24-65
64
65            <category android:name="android.intent.category.BROWSABLE" />
65-->src\main\AndroidManifest.xml:51:16-77
65-->src\main\AndroidManifest.xml:51:26-74
66
67            <data
68                android:host="pay"
69                android:mimeType="*/*"
70                android:scheme="upi" />
70-->src\main\AndroidManifest.xml:53:22-65
71        </intent>
72        <intent>
72-->[com.razorpay:checkout:1.6.39] AndroidManifest.xml:28:9-30:18
73            <action android:name="android.intent.action.MAIN" />
73-->src\main\AndroidManifest.xml:39:17-68
73-->src\main\AndroidManifest.xml:39:25-66
74        </intent>
75        <intent>
75-->[com.razorpay:checkout:1.6.39] AndroidManifest.xml:31:9-35:18
76            <action android:name="android.intent.action.SEND" />
76-->[com.razorpay:checkout:1.6.39] AndroidManifest.xml:32:13-65
76-->[com.razorpay:checkout:1.6.39] AndroidManifest.xml:32:21-62
77
78            <data android:mimeType="*/*" />
79        </intent>
80        <intent>
80-->[com.razorpay:checkout:1.6.39] AndroidManifest.xml:36:9-38:18
81            <action android:name="rzp.device_token.share" />
81-->[com.razorpay:checkout:1.6.39] AndroidManifest.xml:37:13-61
81-->[com.razorpay:checkout:1.6.39] AndroidManifest.xml:37:21-58
82        </intent> <!-- Added to check if Chrome is installed for browser-based payment authentication (e.g. 3DS1). -->
83        <package android:name="com.android.chrome" /> <!-- Added to check the default browser that will host the AuthFlow. -->
83-->[com.stripe:payments-core:20.37.4] AndroidManifest.xml:11:9-54
83-->[com.stripe:payments-core:20.37.4] AndroidManifest.xml:11:18-51
84        <intent>
84-->[com.stripe:financial-connections:20.37.4] AndroidManifest.xml:13:9-17:18
85            <action android:name="android.intent.action.VIEW" />
85-->src\main\AndroidManifest.xml:48:16-68
85-->src\main\AndroidManifest.xml:48:24-65
86
87            <data android:scheme="http" />
87-->src\main\AndroidManifest.xml:53:22-65
88        </intent> <!-- Specific apps you interact with, eg: -->
89        <package android:name="com.paytm.pgsdk.TransactionManager.PAYTM_APP_PACKAGE" />
89-->[com.paytm.appinvokesdk:appinvokesdk:1.6.4] AndroidManifest.xml:12:9-88
89-->[com.paytm.appinvokesdk:appinvokesdk:1.6.4] AndroidManifest.xml:12:18-85
90        <package android:name="com.venmo" />
90-->[com.braintreepayments.api:braintree-core:4.38.2] AndroidManifest.xml:14:9-45
90-->[com.braintreepayments.api:braintree-core:4.38.2] AndroidManifest.xml:14:18-42
91        <package android:name="com.paypal.android.p2pmobile" />
91-->[com.braintreepayments.api:braintree-core:4.38.2] AndroidManifest.xml:15:9-64
91-->[com.braintreepayments.api:braintree-core:4.38.2] AndroidManifest.xml:15:18-61
92
93        <intent>
93-->[com.braintreepayments.api:browser-switch:2.6.0] AndroidManifest.xml:8:9-14:18
94            <action android:name="android.intent.action.VIEW" />
94-->src\main\AndroidManifest.xml:48:16-68
94-->src\main\AndroidManifest.xml:48:24-65
95
96            <category android:name="android.intent.category.BROWSABLE" />
96-->src\main\AndroidManifest.xml:51:16-77
96-->src\main\AndroidManifest.xml:51:26-74
97
98            <data android:scheme="https" />
98-->src\main\AndroidManifest.xml:53:22-65
99        </intent>
100        <intent>
100-->[androidx.media2:media2-session:1.2.1] AndroidManifest.xml:25:9-27:18
101            <action android:name="android.media.browse.MediaBrowserService" />
101-->[androidx.media2:media2-session:1.2.1] AndroidManifest.xml:26:13-79
101-->[androidx.media2:media2-session:1.2.1] AndroidManifest.xml:26:21-76
102        </intent>
103        <intent>
103-->[androidx.media2:media2-session:1.2.1] AndroidManifest.xml:28:9-30:18
104            <action android:name="androidx.media2.session.MediaSessionService" />
104-->[androidx.media2:media2-session:1.2.1] AndroidManifest.xml:29:13-82
104-->[androidx.media2:media2-session:1.2.1] AndroidManifest.xml:29:21-79
105        </intent>
106        <intent>
106-->[androidx.media2:media2-session:1.2.1] AndroidManifest.xml:31:9-33:18
107            <action android:name="androidx.media2.session.MediaLibraryService" />
107-->[androidx.media2:media2-session:1.2.1] AndroidManifest.xml:32:13-82
107-->[androidx.media2:media2-session:1.2.1] AndroidManifest.xml:32:21-79
108        </intent>
109    </queries>
110
111    <uses-permission android:name="android.permission.READ_PHONE_STATE" />
111-->[com.paytabs:payment-sdk:6.5.9] AndroidManifest.xml:12:5-75
111-->[com.paytabs:payment-sdk:6.5.9] AndroidManifest.xml:12:22-72
112    <uses-permission android:name="android.permission.ACCESS_WIFI_STATE" />
112-->[com.paytabs:payment-sdk:6.5.9] AndroidManifest.xml:13:5-76
112-->[com.paytabs:payment-sdk:6.5.9] AndroidManifest.xml:13:22-73
113    <uses-permission android:name="android.permission.CAMERA" />
113-->[com.paytabs:payment-sdk:6.5.9] AndroidManifest.xml:14:5-65
113-->[com.paytabs:payment-sdk:6.5.9] AndroidManifest.xml:14:22-62
114    <uses-permission android:name="android.permission.FLASHLIGHT" />
114-->[com.paytabs:payment-sdk:6.5.9] AndroidManifest.xml:15:5-69
114-->[com.paytabs:payment-sdk:6.5.9] AndroidManifest.xml:15:22-66
115
116    <uses-feature
116-->[com.paytabs:payment-sdk:6.5.9] AndroidManifest.xml:17:5-19:36
117        android:name="android.hardware.camera"
117-->[com.paytabs:payment-sdk:6.5.9] AndroidManifest.xml:18:9-47
118        android:required="false" />
118-->[com.paytabs:payment-sdk:6.5.9] AndroidManifest.xml:19:9-33
119    <uses-feature
119-->[com.paytabs:payment-sdk:6.5.9] AndroidManifest.xml:20:5-22:36
120        android:name="android.hardware.camera.autofocus"
120-->[com.paytabs:payment-sdk:6.5.9] AndroidManifest.xml:21:9-57
121        android:required="false" /> <!-- Create a unique permission for your app and use it so only your app can receive your OneSignal messages. -->
121-->[com.paytabs:payment-sdk:6.5.9] AndroidManifest.xml:22:9-33
122    <permission
122-->[com.onesignal:notifications:5.1.9] AndroidManifest.xml:10:5-12:47
123        android:name="com.icab.appmotorista.permission.C2D_MESSAGE"
123-->[com.onesignal:notifications:5.1.9] AndroidManifest.xml:11:9-63
124        android:protectionLevel="signature" />
124-->[com.onesignal:notifications:5.1.9] AndroidManifest.xml:12:9-44
125
126    <uses-permission android:name="com.icab.appmotorista.permission.C2D_MESSAGE" /> <!-- Required runtime permission to display notifications on Android 13 -->
126-->[com.onesignal:notifications:5.1.9] AndroidManifest.xml:14:5-79
126-->[com.onesignal:notifications:5.1.9] AndroidManifest.xml:14:22-76
127    <uses-permission android:name="android.permission.POST_NOTIFICATIONS" /> <!-- Required, makes sure notifications are delivered on time. -->
127-->[com.onesignal:notifications:5.1.9] AndroidManifest.xml:17:5-77
127-->[com.onesignal:notifications:5.1.9] AndroidManifest.xml:17:22-74
128    <uses-permission android:name="android.permission.WAKE_LOCK" /> <!-- c2dm RECEIVE are basic requirements for push messages through Google's FCM -->
128-->[com.onesignal:notifications:5.1.9] AndroidManifest.xml:18:5-68
128-->[com.onesignal:notifications:5.1.9] AndroidManifest.xml:18:22-65
129    <uses-permission android:name="com.google.android.c2dm.permission.RECEIVE" />
129-->[com.onesignal:notifications:5.1.9] AndroidManifest.xml:19:5-82
129-->[com.onesignal:notifications:5.1.9] AndroidManifest.xml:19:22-79
130    <!--
131 Required so the device vibrates on receiving a push notification.
132         Vibration settings of the device still apply.
133    -->
134    <uses-permission android:name="android.permission.VIBRATE" />
134-->[com.onesignal:notifications:5.1.9] AndroidManifest.xml:24:5-66
134-->[com.onesignal:notifications:5.1.9] AndroidManifest.xml:24:22-63
135    <!--
136 Use to restore notifications the user hasn't interacted with.
137     They could be missed notifications if the user reboots their device if this isn't in place.
138    -->
139    <uses-permission android:name="android.permission.RECEIVE_BOOT_COMPLETED" /> <!-- START: ShortcutBadger -->
139-->[com.onesignal:notifications:5.1.9] AndroidManifest.xml:29:5-81
139-->[com.onesignal:notifications:5.1.9] AndroidManifest.xml:29:22-78
140    <!-- Samsung -->
141    <uses-permission android:name="com.sec.android.provider.badge.permission.READ" />
141-->[com.onesignal:notifications:5.1.9] AndroidManifest.xml:31:5-86
141-->[com.onesignal:notifications:5.1.9] AndroidManifest.xml:31:22-83
142    <uses-permission android:name="com.sec.android.provider.badge.permission.WRITE" /> <!-- HTC -->
142-->[com.onesignal:notifications:5.1.9] AndroidManifest.xml:32:5-87
142-->[com.onesignal:notifications:5.1.9] AndroidManifest.xml:32:22-84
143    <uses-permission android:name="com.htc.launcher.permission.READ_SETTINGS" />
143-->[com.onesignal:notifications:5.1.9] AndroidManifest.xml:33:5-81
143-->[com.onesignal:notifications:5.1.9] AndroidManifest.xml:33:22-78
144    <uses-permission android:name="com.htc.launcher.permission.UPDATE_SHORTCUT" /> <!-- Sony -->
144-->[com.onesignal:notifications:5.1.9] AndroidManifest.xml:34:5-83
144-->[com.onesignal:notifications:5.1.9] AndroidManifest.xml:34:22-80
145    <uses-permission android:name="com.sonyericsson.home.permission.BROADCAST_BADGE" />
145-->[com.onesignal:notifications:5.1.9] AndroidManifest.xml:35:5-88
145-->[com.onesignal:notifications:5.1.9] AndroidManifest.xml:35:22-85
146    <uses-permission android:name="com.sonymobile.home.permission.PROVIDER_INSERT_BADGE" /> <!-- Apex -->
146-->[com.onesignal:notifications:5.1.9] AndroidManifest.xml:36:5-92
146-->[com.onesignal:notifications:5.1.9] AndroidManifest.xml:36:22-89
147    <uses-permission android:name="com.anddoes.launcher.permission.UPDATE_COUNT" /> <!-- Solid -->
147-->[com.onesignal:notifications:5.1.9] AndroidManifest.xml:37:5-84
147-->[com.onesignal:notifications:5.1.9] AndroidManifest.xml:37:22-81
148    <uses-permission android:name="com.majeur.launcher.permission.UPDATE_BADGE" /> <!-- Huawei -->
148-->[com.onesignal:notifications:5.1.9] AndroidManifest.xml:38:5-83
148-->[com.onesignal:notifications:5.1.9] AndroidManifest.xml:38:22-80
149    <uses-permission android:name="com.huawei.android.launcher.permission.CHANGE_BADGE" />
149-->[com.onesignal:notifications:5.1.9] AndroidManifest.xml:39:5-91
149-->[com.onesignal:notifications:5.1.9] AndroidManifest.xml:39:22-88
150    <uses-permission android:name="com.huawei.android.launcher.permission.READ_SETTINGS" />
150-->[com.onesignal:notifications:5.1.9] AndroidManifest.xml:40:5-92
150-->[com.onesignal:notifications:5.1.9] AndroidManifest.xml:40:22-89
151    <uses-permission android:name="com.huawei.android.launcher.permission.WRITE_SETTINGS" /> <!-- ZUK -->
151-->[com.onesignal:notifications:5.1.9] AndroidManifest.xml:41:5-93
151-->[com.onesignal:notifications:5.1.9] AndroidManifest.xml:41:22-90
152    <uses-permission android:name="android.permission.READ_APP_BADGE" /> <!-- OPPO -->
152-->[com.onesignal:notifications:5.1.9] AndroidManifest.xml:42:5-73
152-->[com.onesignal:notifications:5.1.9] AndroidManifest.xml:42:22-70
153    <uses-permission android:name="com.oppo.launcher.permission.READ_SETTINGS" />
153-->[com.onesignal:notifications:5.1.9] AndroidManifest.xml:43:5-82
153-->[com.onesignal:notifications:5.1.9] AndroidManifest.xml:43:22-79
154    <uses-permission android:name="com.oppo.launcher.permission.WRITE_SETTINGS" /> <!-- EvMe -->
154-->[com.onesignal:notifications:5.1.9] AndroidManifest.xml:44:5-83
154-->[com.onesignal:notifications:5.1.9] AndroidManifest.xml:44:22-80
155    <uses-permission android:name="me.everything.badger.permission.BADGE_COUNT_READ" />
155-->[com.onesignal:notifications:5.1.9] AndroidManifest.xml:45:5-88
155-->[com.onesignal:notifications:5.1.9] AndroidManifest.xml:45:22-85
156    <uses-permission android:name="me.everything.badger.permission.BADGE_COUNT_WRITE" />
156-->[com.onesignal:notifications:5.1.9] AndroidManifest.xml:46:5-89
156-->[com.onesignal:notifications:5.1.9] AndroidManifest.xml:46:22-86
157
158    <uses-feature
158-->[com.google.android.gms:play-services-maps:18.2.0] AndroidManifest.xml:26:5-28:35
159        android:glEsVersion="0x00020000"
159-->[com.google.android.gms:play-services-maps:18.2.0] AndroidManifest.xml:27:9-41
160        android:required="true" />
160-->[com.google.android.gms:play-services-maps:18.2.0] AndroidManifest.xml:28:9-32
161
162    <uses-permission android:name="com.google.android.providers.gsf.permission.READ_GSERVICES" />
162-->[com.google.android.recaptcha:recaptcha:18.4.0] AndroidManifest.xml:9:5-98
162-->[com.google.android.recaptcha:recaptcha:18.4.0] AndroidManifest.xml:9:22-95
163    <uses-permission android:name="android.permission.FOREGROUND_SERVICE" />
163-->[androidx.work:work-runtime:2.8.1] AndroidManifest.xml:26:5-77
163-->[androidx.work:work-runtime:2.8.1] AndroidManifest.xml:26:22-74
164
165    <permission
165-->[androidx.core:core:1.12.0] AndroidManifest.xml:22:5-24:47
166        android:name="com.icab.appmotorista.DYNAMIC_RECEIVER_NOT_EXPORTED_PERMISSION"
166-->[androidx.core:core:1.12.0] AndroidManifest.xml:23:9-81
167        android:protectionLevel="signature" />
167-->[androidx.core:core:1.12.0] AndroidManifest.xml:24:9-44
168
169    <uses-permission android:name="com.icab.appmotorista.DYNAMIC_RECEIVER_NOT_EXPORTED_PERMISSION" />
169-->[androidx.core:core:1.12.0] AndroidManifest.xml:26:5-97
169-->[androidx.core:core:1.12.0] AndroidManifest.xml:26:22-94
170
171    <application
172        android:name="android.app.Application"
172-->src\main\AndroidManifest.xml:14:9-42
173        android:allowBackup="false"
173-->[com.paytabs:payment-sdk:6.5.9] AndroidManifest.xml:25:9-36
174        android:appComponentFactory="androidx.core.app.CoreComponentFactory"
174-->[androidx.core:core:1.12.0] AndroidManifest.xml:28:18-86
175        android:dataExtractionRules="@xml/data_extraction_rules"
175-->[com.paytabs:payment-sdk:6.5.9] AndroidManifest.xml:26:9-65
176        android:fullBackupContent="false"
176-->[com.paytabs:payment-sdk:6.5.9] AndroidManifest.xml:27:9-42
177        android:icon="@mipmap/ic_launcher"
177-->src\main\AndroidManifest.xml:15:9-43
178        android:label="ICAB Motorista"
178-->src\main\AndroidManifest.xml:13:9-39
179        android:supportsRtl="true" >
179-->[com.braintreepayments.api:drop-in:6.13.0] AndroidManifest.xml:14:9-35
180        <meta-data
180-->src\main\AndroidManifest.xml:18:8-20:70
181            android:name="com.google.android.geo.API_KEY"
181-->src\main\AndroidManifest.xml:19:12-57
182            android:value="AIzaSyA4n14OareKdclXLFSyyS81IXAldqliq4Q" />
182-->src\main\AndroidManifest.xml:20:12-67
183
184        <activity
184-->src\main\AndroidManifest.xml:22:9-42:20
185            android:name="com.icab.appmotorista.MainActivity"
185-->src\main\AndroidManifest.xml:23:13-41
186            android:configChanges="orientation|keyboardHidden|keyboard|screenSize|smallestScreenSize|locale|layoutDirection|fontScale|screenLayout|density|uiMode"
186-->src\main\AndroidManifest.xml:27:13-163
187            android:exported="true"
187-->src\main\AndroidManifest.xml:24:13-36
188            android:hardwareAccelerated="true"
188-->src\main\AndroidManifest.xml:28:13-47
189            android:launchMode="singleTop"
189-->src\main\AndroidManifest.xml:25:13-43
190            android:theme="@style/LaunchTheme"
190-->src\main\AndroidManifest.xml:26:13-47
191            android:windowSoftInputMode="adjustResize" >
191-->src\main\AndroidManifest.xml:29:13-55
192
193            <!--
194                 Specifies an Android theme to apply to this Activity as soon as
195                 the Android process has started. This theme is visible to the user
196                 while the Flutter UI initializes. After that, this theme continues
197                 to determine the Window background behind the Flutter UI.
198            -->
199            <meta-data
199-->src\main\AndroidManifest.xml:34:13-37:17
200                android:name="io.flutter.embedding.android.NormalTheme"
200-->src\main\AndroidManifest.xml:35:15-70
201                android:resource="@style/NormalTheme" />
201-->src\main\AndroidManifest.xml:36:15-52
202
203            <intent-filter>
203-->src\main\AndroidManifest.xml:38:13-41:29
204                <action android:name="android.intent.action.MAIN" />
204-->src\main\AndroidManifest.xml:39:17-68
204-->src\main\AndroidManifest.xml:39:25-66
205
206                <category android:name="android.intent.category.LAUNCHER" />
206-->src\main\AndroidManifest.xml:40:17-76
206-->src\main\AndroidManifest.xml:40:27-74
207            </intent-filter>
208        </activity>
209        <activity
209-->src\main\AndroidManifest.xml:43:8-55:19
210            android:name="com.braintreepayments.api.BraintreeBrowserSwitchActivity"
210-->src\main\AndroidManifest.xml:44:12-83
211            android:exported="true"
211-->src\main\AndroidManifest.xml:45:12-35
212            android:launchMode="singleTask" >
212-->src\main\AndroidManifest.xml:46:12-43
213            <intent-filter>
213-->src\main\AndroidManifest.xml:47:12-54:28
214                <action android:name="android.intent.action.VIEW" />
214-->src\main\AndroidManifest.xml:48:16-68
214-->src\main\AndroidManifest.xml:48:24-65
215
216                <category android:name="android.intent.category.DEFAULT" />
216-->src\main\AndroidManifest.xml:50:16-75
216-->src\main\AndroidManifest.xml:50:26-72
217                <category android:name="android.intent.category.BROWSABLE" />
217-->src\main\AndroidManifest.xml:51:16-77
217-->src\main\AndroidManifest.xml:51:26-74
218
219                <data android:scheme="com.icab.appmotorista.braintree" />
219-->src\main\AndroidManifest.xml:53:22-65
220            </intent-filter>
221        </activity>
222        <activity
222-->src\main\AndroidManifest.xml:56:8-60:44
223            android:name="com.mercadopago.android.px.internal.features.checkout.CheckoutActivity"
223-->src\main\AndroidManifest.xml:57:12-97
224            android:exported="true" />
224-->src\main\AndroidManifest.xml:58:12-35
225        <!--
226             Don't delete the meta-data below.
227             This is used by the Flutter tool to generate GeneratedPluginRegistrant.java
228        -->
229        <meta-data
229-->src\main\AndroidManifest.xml:63:9-65:33
230            android:name="flutterEmbedding"
230-->src\main\AndroidManifest.xml:64:13-44
231            android:value="2" />
231-->src\main\AndroidManifest.xml:65:13-30
232
233        <service
233-->[:firebase_database] AndroidManifest.xml:10:9-14:19
234            android:name="com.google.firebase.components.ComponentDiscoveryService"
234-->[:firebase_database] AndroidManifest.xml:10:18-89
235            android:directBootAware="true"
235-->[com.google.firebase:firebase-common:20.4.3] AndroidManifest.xml:32:13-43
236            android:exported="false" >
236-->[com.google.firebase:firebase-crashlytics:18.6.3] AndroidManifest.xml:14:13-37
237            <meta-data
237-->[:firebase_database] AndroidManifest.xml:11:13-13:85
238                android:name="com.google.firebase.components:io.flutter.plugins.firebase.database.FlutterFirebaseAppRegistrar"
238-->[:firebase_database] AndroidManifest.xml:12:17-127
239                android:value="com.google.firebase.components.ComponentRegistrar" />
239-->[:firebase_database] AndroidManifest.xml:13:17-82
240            <meta-data
240-->[:firebase_crashlytics] AndroidManifest.xml:11:13-13:85
241                android:name="com.google.firebase.components:io.flutter.plugins.firebase.crashlytics.FlutterFirebaseAppRegistrar"
241-->[:firebase_crashlytics] AndroidManifest.xml:12:17-130
242                android:value="com.google.firebase.components.ComponentRegistrar" />
242-->[:firebase_crashlytics] AndroidManifest.xml:13:17-82
243            <meta-data
243-->[:cloud_firestore] AndroidManifest.xml:11:13-13:85
244                android:name="com.google.firebase.components:io.flutter.plugins.firebase.firestore.FlutterFirebaseFirestoreRegistrar"
244-->[:cloud_firestore] AndroidManifest.xml:12:17-134
245                android:value="com.google.firebase.components.ComponentRegistrar" />
245-->[:cloud_firestore] AndroidManifest.xml:13:17-82
246            <meta-data
246-->[:firebase_auth] AndroidManifest.xml:11:13-13:85
247                android:name="com.google.firebase.components:io.flutter.plugins.firebase.auth.FlutterFirebaseAuthRegistrar"
247-->[:firebase_auth] AndroidManifest.xml:12:17-124
248                android:value="com.google.firebase.components.ComponentRegistrar" />
248-->[:firebase_auth] AndroidManifest.xml:13:17-82
249            <meta-data
249-->[:firebase_storage] AndroidManifest.xml:11:13-13:85
250                android:name="com.google.firebase.components:io.flutter.plugins.firebase.storage.FlutterFirebaseAppRegistrar"
250-->[:firebase_storage] AndroidManifest.xml:12:17-126
251                android:value="com.google.firebase.components.ComponentRegistrar" />
251-->[:firebase_storage] AndroidManifest.xml:13:17-82
252            <meta-data
252-->[:firebase_core] AndroidManifest.xml:11:13-13:85
253                android:name="com.google.firebase.components:io.flutter.plugins.firebase.core.FlutterFirebaseCoreRegistrar"
253-->[:firebase_core] AndroidManifest.xml:12:17-124
254                android:value="com.google.firebase.components.ComponentRegistrar" />
254-->[:firebase_core] AndroidManifest.xml:13:17-82
255            <meta-data
255-->[com.google.firebase:firebase-crashlytics:18.6.3] AndroidManifest.xml:15:13-17:85
256                android:name="com.google.firebase.components:com.google.firebase.crashlytics.FirebaseCrashlyticsKtxRegistrar"
256-->[com.google.firebase:firebase-crashlytics:18.6.3] AndroidManifest.xml:16:17-126
257                android:value="com.google.firebase.components.ComponentRegistrar" />
257-->[com.google.firebase:firebase-crashlytics:18.6.3] AndroidManifest.xml:17:17-82
258            <meta-data
258-->[com.google.firebase:firebase-crashlytics:18.6.3] AndroidManifest.xml:18:13-20:85
259                android:name="com.google.firebase.components:com.google.firebase.crashlytics.CrashlyticsRegistrar"
259-->[com.google.firebase:firebase-crashlytics:18.6.3] AndroidManifest.xml:19:17-115
260                android:value="com.google.firebase.components.ComponentRegistrar" />
260-->[com.google.firebase:firebase-crashlytics:18.6.3] AndroidManifest.xml:20:17-82
261            <meta-data
261-->[com.google.firebase:firebase-database:20.3.1] AndroidManifest.xml:29:13-31:85
262                android:name="com.google.firebase.components:com.google.firebase.database.FirebaseDatabaseKtxRegistrar"
262-->[com.google.firebase:firebase-database:20.3.1] AndroidManifest.xml:30:17-120
263                android:value="com.google.firebase.components.ComponentRegistrar" />
263-->[com.google.firebase:firebase-database:20.3.1] AndroidManifest.xml:31:17-82
264            <meta-data
264-->[com.google.firebase:firebase-database:20.3.1] AndroidManifest.xml:32:13-34:85
265                android:name="com.google.firebase.components:com.google.firebase.database.DatabaseRegistrar"
265-->[com.google.firebase:firebase-database:20.3.1] AndroidManifest.xml:33:17-109
266                android:value="com.google.firebase.components.ComponentRegistrar" />
266-->[com.google.firebase:firebase-database:20.3.1] AndroidManifest.xml:34:17-82
267            <meta-data